#
# A fatal error has been detected by the Java Runtime Environment:
#
#  Internal Error (classFileParser.cpp:3494), pid=5888, tid=5408
#  Error: ShouldNotReachHere()
#
# JRE version: 6.0_35-b10
# Java VM: Java HotSpot(TM) 64-Bit Server VM (20.10-b01 mixed mode windows-amd64 compressed oops)
# If you would like to submit a bug report, please visit:
#   http://java.sun.com/webapps/bugreport/crash.jsp
#

---------------  T H R E A D  ---------------

Current thread (0x000000000022c800):  JavaThread "Unknown thread" [_thread_in_vm, id=5408, stack(0x0000000001ed0000,0x0000000001fd0000)]

Stack: [0x0000000001ed0000,0x0000000001fd0000]
[error occurred during error reporting (printing stack bounds), id 0xc0000005]


---------------  P R O C E S S  ---------------

Java Threads: ( => current thread )

Other Threads:

=>0x000000000022c800 (exited) JavaThread "Unknown thread" [_thread_in_vm, id=5408, stack(0x0000000001ed0000,0x0000000001fd0000)]

VM state:not at safepoint (not fully initialized)

VM Mutex/Monitor currently owned by a thread: None

Dynamic libraries:
0x0000000000400000 - 0x000000000042f000 	C:\Program Files\Java\jre6\bin\javaw.exe
0x00007ffb808c0000 - 0x00007ffb80a6a000 	C:\WINDOWS\SYSTEM32\ntdll.dll
0x00007ffb80220000 - 0x00007ffb8035a000 	C:\WINDOWS\system32\KERNEL32.DLL
0x00007ffb7e030000 - 0x00007ffb7e13f000 	C:\WINDOWS\system32\KERNELBASE.dll
0x00007ffb7c860000 - 0x00007ffb7c8e8000 	C:\WINDOWS\system32\apphelp.dll
0x00007ffb74940000 - 0x00007ffb7498f000 	C:\WINDOWS\AppPatch\AppPatch64\AcGenral.DLL
0x00007ffb7e8c0000 - 0x00007ffb7e967000 	C:\WINDOWS\system32\msvcrt.dll
0x00007ffb7da00000 - 0x00007ffb7da2b000 	C:\WINDOWS\SYSTEM32\SspiCli.dll
0x00007ffb7e980000 - 0x00007ffb7e9d1000 	C:\WINDOWS\system32\SHLWAPI.dll
0x00007ffb7fff0000 - 0x00007ffb80161000 	C:\WINDOWS\system32\USER32.dll
0x00007ffb806f0000 - 0x00007ffb80868000 	C:\WINDOWS\system32\ole32.dll
0x00007ffb7ebd0000 - 0x00007ffb7ffe7000 	C:\WINDOWS\system32\SHELL32.dll
0x00007ffb7d240000 - 0x00007ffb7d25e000 	C:\WINDOWS\SYSTEM32\USERENV.dll
0x00007ffb7e9e0000 - 0x00007ffb7ea85000 	C:\WINDOWS\system32\ADVAPI32.dll
0x00007ffb6fbe0000 - 0x00007ffb6fbfb000 	C:\WINDOWS\SYSTEM32\MPR.dll
0x00007ffb7ea90000 - 0x00007ffb7ebc6000 	C:\WINDOWS\system32\RPCRT4.dll
0x00007ffb7e850000 - 0x00007ffb7e8a7000 	C:\WINDOWS\SYSTEM32\sechost.dll
0x00007ffb80360000 - 0x00007ffb80536000 	C:\WINDOWS\SYSTEM32\combase.dll
0x00007ffb7e560000 - 0x00007ffb7e6a5000 	C:\WINDOWS\system32\GDI32.dll
0x00007ffb7dc30000 - 0x00007ffb7dc44000 	C:\WINDOWS\SYSTEM32\profapi.dll
0x00007ffb7c500000 - 0x00007ffb7c59f000 	C:\WINDOWS\SYSTEM32\SHCORE.dll
0x00007ffb80880000 - 0x00007ffb808b4000 	C:\WINDOWS\system32\IMM32.DLL
0x00007ffb7e420000 - 0x00007ffb7e559000 	C:\WINDOWS\system32\MSCTF.dll
0x000000006d800000 - 0x000000006dfb9000 	C:\Program Files\Java\jre6\bin\server\jvm.dll
0x00007ffb6fe10000 - 0x00007ffb6fe2f000 	C:\WINDOWS\SYSTEM32\WINMM.dll
0x00007ffb6fde0000 - 0x00007ffb6fe0a000 	C:\WINDOWS\SYSTEM32\WINMMBASE.dll
0x00007ffb7dd00000 - 0x00007ffb7dd4a000 	C:\WINDOWS\SYSTEM32\cfgmgr32.dll
0x00007ffb7c980000 - 0x00007ffb7c9a6000 	C:\WINDOWS\SYSTEM32\DEVOBJ.dll
0x000000006d770000 - 0x000000006d77e000 	C:\Program Files\Java\jre6\bin\verify.dll
0x000000006d3b0000 - 0x000000006d3d7000 	C:\Program Files\Java\jre6\bin\java.dll
0x000000006d7c0000 - 0x000000006d7d2000 	C:\Program Files\Java\jre6\bin\zip.dll
0x00007ffb80870000 - 0x00007ffb80877000 	C:\WINDOWS\system32\PSAPI.DLL

VM Arguments:
jvm_args: -Dfile.encoding=Cp1252 -Xbootclasspath:E:\android\adt-bundle-windows-x86_64-20131030\adt-bundle-windows-x86_64-20131030\sdk\platforms\android-18\android.jar 
java_command: org.opencv.samples.colorblobdetect.Coding
Launcher Type: SUN_STANDARD

Environment Variables:
JAVA_HOME=C:\Program Files\Java\jre6\bin
PATH=C:\WINDOWS\system32;C:\WINDOWS;C:\WINDOWS\System32\Wbem;C:\WINDOWS\System32\WindowsPowerShell\v1.0\;C:\Program Files (x86)\Intel\OpenCL SDK\3.0\bin\x86;C:\Program Files (x86)\Intel\OpenCL SDK\3.0\bin\x64;C:\Program Files\Java\jre6\bin;E:\apache-ant-1.7.1\bin;http://sourceforge.net/projects/opencvlibrary/files/opencv-android/
USERNAME=AnjilaTam
OS=Windows_NT
PROCESSOR_IDENTIFIER=Intel64 Family 6 Model 69 Stepping 1, GenuineIntel



---------------  S Y S T E M  ---------------

OS: Windows NT 6.2 Build 9200 

CPU:total 4 (2 cores per cpu, 2 threads per core) family 6 model 69 stepping 1, cmov, cx8, fxsr, mmx, sse, sse2, sse3, ssse3, sse4.1, sse4.2, popcnt, ht

Memory: 4k page, physical 16655320k(14326128k free), swap 33432536k(30614252k free)

vm_info: Java HotSpot(TM) 64-Bit Server VM (20.10-b01) for windows-amd64 JRE (1.6.0_35-b10), built on Aug 28 2012 16:50:10 by "java_re" with MS VC++ 8.0 (VS2005)

time: Thu Apr 24 18:35:43 2014
elapsed time: 0 seconds

